<?xml version="1.0" encoding="UTF-8"?>
<!-- Generated by org.testng.reporters.JUnitReportReporter -->
<testsuite skipped="0" hostname="H5CG935781R" name="com.blaze.agency.demo.tests.SearchFlightTests" tests="1" failures="0" timestamp="25 Sep 2020 08:57:56 GMT" time="7.058" errors="0">
  <testcase name="testSearchFlight" time="7.058" classname="com.blaze.agency.demo.tests.SearchFlightTests"/>
</testsuite> <!-- com.blaze.agency.demo.tests.SearchFlightTests -->
