<?xml version="1.0" encoding="UTF-8"?>
<!-- Generated by org.testng.reporters.JUnitReportReporter -->
<testsuite skipped="1" hostname="H5CG935781R" name="com.blaze.agency.demo.tests.LoginPageTests" tests="2" failures="0" timestamp="08 Oct 2020 16:56:21 GMT" time="14.406" errors="0">
  <testcase name="verifyRegistration" time="14.406" classname="com.blaze.agency.demo.tests.LoginPageTests"/>
  <testcase name="verifyLoginToApplication" classname="com.blaze.agency.demo.tests.LoginPageTests">
    <skipped/>
  </testcase> <!-- verifyLoginToApplication -->
</testsuite> <!-- com.blaze.agency.demo.tests.LoginPageTests -->
