<?xml version="1.0" encoding="UTF-8"?>
<!-- Generated by org.testng.reporters.JUnitReportReporter -->
<testsuite skipped="0" hostname="H5CG935781R" name="com.blaze.agency.demo.tests.FindFlightTests" tests="1" failures="0" timestamp="25 Sep 2020 09:09:36 GMT" time="6.547" errors="0">
  <testcase name="testSearchFlight" time="6.547" classname="com.blaze.agency.demo.tests.FindFlightTests"/>
</testsuite> <!-- com.blaze.agency.demo.tests.FindFlightTests -->
